#
# A fatal error has been detected by the Java Runtime Environment:
#
#  EXCEPTION_ACCESS_VIOLATION (0xc0000005) at pc=0x0000000072a81aa7, pid=2400, tid=28028
#
# JRE version: Java(TM) SE Runtime Environment (8.0_66-b18) (build 1.8.0_66-b18)
# Java VM: Java HotSpot(TM) 64-Bit Server VM (25.66-b18 mixed mode windows-amd64 compressed oops)
# Problematic frame:
# V  [jvm.dll+0x211aa7]
#
# Failed to write core dump. Minidumps are not enabled by default on client versions of Windows
#
# If you would like to submit a bug report, please visit:
#   http://bugreport.java.com/bugreport/crash.jsp
#

---------------  T H R E A D  ---------------

Current thread (0x0000000008b9f800):  JavaThread "Forward streams with process: command 'C:\Program Files\Java\jdk1.8.0_66\bin\java.exe' Thread 2" [_thread_in_vm, id=28028, stack(0x0000000021db0000,0x0000000021eb0000)]

siginfo: ExceptionCode=0xc0000005, writing address 0x0000000021ea5fd0

Registers:
RAX=0x0000000021ea5fd0, RBX=0x0000000000000007, RCX=0x0000000000006000, RDX=0x000000000000000f
RSP=0x0000000021eabfd0, RBP=0x0000000000000000, RSI=0x0000000021eabfd0, RDI=0x0000000000000007
R8 =0x000000000000000f, R9 =0x0000000008f3e990, R10=0x00000000058610c8, R11=0x0000000021dba148
R12=0x0000000008f3e990, R13=0x0000000008b9f800, R14=0x0000000021eac098, R15=0x00000000058610c8
RIP=0x0000000072a81aa7, EFLAGS=0x0000000000010202

Top of Stack: (sp=0x0000000021eabfd0)
0x0000000021eabfd0:   0000000000000000 0000000000000000
0x0000000021eabfe0:   0000000008b9f800 0000000008f3e990
0x0000000021eabff0:   00000000ffffffff 0000000072a829d7
0x0000000021eac000:   0000000021eac100 00000000058610c8
0x0000000021eac010:   0000000008b9f800 0000000000000000
0x0000000021eac020:   0000000000000000 0000000000000000
0x0000000021eac030:   0000000000000000 0000000000000000
0x0000000021eac040:   00000000058610c8 0000000008b9f800
0x0000000021eac050:   000000000f056e60 0000000000000000
0x0000000021eac060:   0000000000000000 0000000072ab0959
0x0000000021eac070:   0000000000000000 0000000000000000
0x0000000021eac080:   0000000000000000 00000000058610c8
0x0000000021eac090:   0000000008b9f800 000000000738ee88
0x0000000021eac0a0:   0000000000000000 0000000000000000
0x0000000021eac0b0:   0000000021eac258 0000000000000000
0x0000000021eac0c0:   0000000000000000 0000000000000000 

Instructions: (pc=0x0000000072a81aa7)
0x0000000072a81a87:   48 89 6c 24 30 33 ed 66 90 e8 1b 36 08 00 ff c3
0x0000000072a81a97:   48 63 c8 48 8b c6 48 0f af cf 48 ff c7 48 2b c1
0x0000000072a81aa7:   89 28 48 63 c3 48 3b 05 dd 9b 58 00 7e db 48 8b
0x0000000072a81ab7:   6c 24 30 48 8b 5c 24 38 48 8b 74 24 40 48 83 c4 


Register to memory mapping:

RAX=0x0000000021ea5fd0 is pointing into the stack for thread: 0x0000000008b9f800
RBX=0x0000000000000007 is an unknown value
RCX=0x0000000000006000 is an unknown value
RDX=0x000000000000000f is an unknown value
RSP=0x0000000021eabfd0 is pointing into the stack for thread: 0x0000000008b9f800
RBP=0x0000000000000000 is an unknown value
RSI=0x0000000021eabfd0 is pointing into the stack for thread: 0x0000000008b9f800
RDI=0x0000000000000007 is an unknown value
R8 =0x000000000000000f is an unknown value
R9 =0x0000000008f3e990 is an unknown value
R10={method} {0x00000000058610d0} 'run' '()Ljava/lang/Object;' in 'sun/reflect/ClassDefiner$1'
R11=0x0000000021dba148 is pointing into the stack for thread: 0x0000000008b9f800
R12=0x0000000008f3e990 is an unknown value
R13=0x0000000008b9f800 is a thread
R14=0x0000000021eac098 is pointing into the stack for thread: 0x0000000008b9f800
R15={method} {0x00000000058610d0} 'run' '()Ljava/lang/Object;' in 'sun/reflect/ClassDefiner$1'


Stack: [0x0000000021db0000,0x0000000021eb0000],  sp=0x0000000021eabfd0,  free space=1007k
Native frames: (J=compiled Java code, j=interpreted, Vv=VM code, C=native code)

Java frames: (J=compiled Java code, j=interpreted, Vv=VM code)
J 876  java.security.AccessController.doPrivileged(Ljava/security/PrivilegedAction;)Ljava/lang/Object; (0 bytes) @ 0x000000000f3787d2 [0x000000000f378780+0x52]
J 15829 C1 sun.reflect.MethodAccessorGenerator$1.run()Lsun/reflect/MagicAccessorImpl; (41 bytes) @ 0x000000001094b3f4 [0x000000001094aa20+0x9d4]
J 15828 C1 sun.reflect.MethodAccessorGenerator$1.run()Ljava/lang/Object; (5 bytes) @ 0x00000000106e273c [0x00000000106e26c0+0x7c]
v  ~StubRoutines::call_stub
J 876  java.security.AccessController.doPrivileged(Ljava/security/PrivilegedAction;)Ljava/lang/Object; (0 bytes) @ 0x000000000f3787d2 [0x000000000f378780+0x52]
J 14966 C1 sun.reflect.MethodAccessorGenerator.generate(Ljava/lang/Class;Ljava/lang/String;[Ljava/lang/Class;Ljava/lang/Class;[Ljava/lang/Class;IZZLjava/lang/Class;)Lsun/reflect/MagicAccessorImpl; (762 bytes) @ 0x0000000011986b6c [0x0000000011981780+0x53ec]
j  sun.reflect.MethodAccessorGenerator.generateSerializationConstructor(Ljava/lang/Class;[Ljava/lang/Class;[Ljava/lang/Class;ILjava/lang/Class;)Lsun/reflect/SerializationConstructorAccessorImpl;+15
j  sun.reflect.ReflectionFactory.newConstructorForSerialization(Ljava/lang/Class;Ljava/lang/reflect/Constructor;)Ljava/lang/reflect/Constructor;+34
j  java.io.ObjectStreamClass.getSerializableConstructor(Ljava/lang/Class;)Ljava/lang/reflect/Constructor;+63
j  java.io.ObjectStreamClass.access$1500(Ljava/lang/Class;)Ljava/lang/reflect/Constructor;+1
j  java.io.ObjectStreamClass$2.run()Ljava/lang/Void;+176
J 22533 C1 java.io.ObjectStreamClass$2.run()Ljava/lang/Object; (5 bytes) @ 0x0000000011fe05cc [0x0000000011fe0540+0x8c]
v  ~StubRoutines::call_stub
J 876  java.security.AccessController.doPrivileged(Ljava/security/PrivilegedAction;)Ljava/lang/Object; (0 bytes) @ 0x000000000f3787d2 [0x000000000f378780+0x52]
J 17858 C2 java.io.ObjectStreamClass.lookup(Ljava/lang/Class;Z)Ljava/io/ObjectStreamClass; (335 bytes) @ 0x00000000121a7f88 [0x00000000121a76a0+0x8e8]
J 17858 C2 java.io.ObjectStreamClass.lookup(Ljava/lang/Class;Z)Ljava/io/ObjectStreamClass; (335 bytes) @ 0x00000000121a7eec [0x00000000121a76a0+0x84c]
J 17858 C2 java.io.ObjectStreamClass.lookup(Ljava/lang/Class;Z)Ljava/io/ObjectStreamClass; (335 bytes) @ 0x00000000121a7eec [0x00000000121a76a0+0x84c]
J 23012 C2 java.io.ObjectOutputStream.writeObject0(Ljava/lang/Object;Z)V (619 bytes) @ 0x0000000013179b4c [0x0000000013179820+0x32c]
J 19123 C2 java.io.ObjectOutputStream.writeObject(Ljava/lang/Object;)V (38 bytes) @ 0x000000000fab3624 [0x000000000fab35e0+0x44]
J 18595 C1 org.gradle.internal.serialize.BaseSerializerFactory$ThrowableSerializer.write(Lorg/gradle/internal/serialize/Encoder;Ljava/lang/Object;)V (10 bytes) @ 0x00000000120dd39c [0x00000000120dcce0+0x6bc]
J 18594 C1 org.gradle.launcher.daemon.protocol.DaemonMessageSerializer$LogEventSerializer.write(Lorg/gradle/internal/serialize/Encoder;Lorg/gradle/logging/internal/LogEvent;)V (59 bytes) @ 0x00000000120debe4 [0x00000000120de5a0+0x644]
J 18593 C1 org.gradle.launcher.daemon.protocol.DaemonMessageSerializer$LogEventSerializer.write(Lorg/gradle/internal/serialize/Encoder;Ljava/lang/Object;)V (10 bytes) @ 0x00000000120df22c [0x00000000120df0c0+0x16c]
J 21895 C2 org.gradle.launcher.daemon.protocol.DaemonMessageSerializer$OutputMessageSerializer.write(Lorg/gradle/internal/serialize/Encoder;Ljava/lang/Object;)V (10 bytes) @ 0x000000000fafc0f4 [0x000000000fafbea0+0x254]
J 21191 C2 org.gradle.launcher.daemon.server.exec.LogToClient$1.onOutput(Lorg/gradle/logging/internal/OutputEvent;)V (39 bytes) @ 0x0000000012bd8d90 [0x0000000012bd8920+0x470]
J 16750 C2 sun.reflect.GeneratedMethodAccessor2.invoke(Ljava/lang/Object;[Ljava/lang/Object;)Ljava/lang/Object; (68 bytes) @ 0x000000001000bcbc [0x000000001000bc20+0x9c]
J 10425 C2 org.gradle.messaging.dispatch.ReflectionDispatch.dispatch(Ljava/lang/Object;)V (9 bytes) @ 0x00000000106ca428 [0x00000000106ca380+0xa8]
J 18281 C2 org.gradle.messaging.dispatch.ProxyDispatchAdapter$DispatchingInvocationHandler.invoke(Ljava/lang/Object;Ljava/lang/reflect/Method;[Ljava/lang/Object;)Ljava/lang/Object; (179 bytes) @ 0x000000001248ea40 [0x000000001248e4e0+0x560]
J 19189 C2 org.gradle.logging.internal.OutputEventRenderer.onOutput(Lorg/gradle/logging/internal/OutputEvent;)V (112 bytes) @ 0x000000000fed9ae8 [0x000000000fed9840+0x2a8]
J 11507 C1 org.gradle.logging.internal.slf4j.OutputEventListenerBackedLogger.log(Lorg/gradle/api/logging/LogLevel;Ljava/lang/Throwable;Ljava/lang/String;)V (57 bytes) @ 0x000000001071851c [0x0000000010717f20+0x5fc]
J 19132 C1 org.gradle.process.internal.streams.ExecOutputHandleRunner.run()V (97 bytes) @ 0x0000000011282b14 [0x0000000011281120+0x19f4]
J 18597 C1 org.gradle.internal.concurrent.ExecutorPolicy$CatchAndRecordFailures.onExecute(Ljava/lang/Runnable;)V (45 bytes) @ 0x000000001015061c [0x0000000010150500+0x11c]
J 16186 C1 org.gradle.internal.concurrent.StoppableExecutorImpl$1.run()V (59 bytes) @ 0x000000000f995544 [0x000000000f995120+0x424]
J 18588 C1 java.util.concurrent.ThreadPoolExecutor.runWorker(Ljava/util/concurrent/ThreadPoolExecutor$Worker;)V (225 bytes) @ 0x0000000011df0714 [0x0000000011def760+0xfb4]
J 16177 C1 java.util.concurrent.ThreadPoolExecutor$Worker.run()V (9 bytes) @ 0x000000000f9314c4 [0x000000000f9313c0+0x104]
J 14598 C1 java.lang.Thread.run()V (17 bytes) @ 0x000000000f722e44 [0x000000000f722d00+0x144]
v  ~StubRoutines::call_stub

---------------  P R O C E S S  ---------------

Java Threads: ( => current thread )
  0x000000000b7d7000 JavaThread "Forward streams with process: command 'C:\Program Files\Java\jdk1.8.0_66\bin\java.exe' Thread 3" [_thread_in_native, id=31236, stack(0x0000000021bb0000,0x0000000021cb0000)]
  0x000000000b7da000 JavaThread "Forward streams with process: command 'C:\Program Files\Java\jdk1.8.0_66\bin\java.exe' Thread 2" [_thread_in_native, id=31232, stack(0x00000000218b0000,0x00000000219b0000)]
  0x000000000b7d6800 JavaThread "Forward streams with process: command 'C:\Program Files\Java\jdk1.8.0_66\bin\java.exe'" [_thread_blocked, id=31228, stack(0x00000000217b0000,0x00000000218b0000)]
  0x0000000008b9d800 JavaThread "Run command 'C:\Program Files\Java\jdk1.8.0_66\bin\java.exe'" [_thread_in_native, id=31204, stack(0x0000000020bb0000,0x0000000020cb0000)]
  0x0000000008b9c000 JavaThread "Forward streams with process: command 'C:\Program Files\Java\jdk1.8.0_66\bin\java.exe' Thread 3" [_thread_blocked, id=30036, stack(0x0000000021eb0000,0x0000000021fb0000)]
=>0x0000000008b9f800 JavaThread "Forward streams with process: command 'C:\Program Files\Java\jdk1.8.0_66\bin\java.exe' Thread 2" [_thread_in_vm, id=28028, stack(0x0000000021db0000,0x0000000021eb0000)]
  0x0000000008b9a800 JavaThread "Forward streams with process: command 'C:\Program Files\Java\jdk1.8.0_66\bin\java.exe'" [_thread_blocked, id=29512, stack(0x0000000021cb0000,0x0000000021db0000)]
  0x000000000b7db000 JavaThread "Run command 'C:\Program Files\Java\jdk1.8.0_66\bin\java.exe'" [_thread_in_native, id=14368, stack(0x00000000219b0000,0x0000000021ab0000)]
  0x000000000b7d5000 JavaThread "pool-38-thread-4" [_thread_blocked, id=28820, stack(0x0000000021ab0000,0x0000000021bb0000)]
  0x000000001e453800 JavaThread "pool-38-thread-3" [_thread_blocked, id=30172, stack(0x000000000c900000,0x000000000ca00000)]
  0x000000001e456800 JavaThread "pool-38-thread-2" [_thread_blocked, id=30332, stack(0x000000000b3e0000,0x000000000b4e0000)]
  0x000000001e459000 JavaThread "pool-38-thread-1" [_thread_blocked, id=23408, stack(0x0000000009a10000,0x0000000009b10000)]
  0x000000001e456000 JavaThread "Stdin handler" [_thread_blocked, id=28456, stack(0x0000000009910000,0x0000000009a10000)]
  0x000000001e453000 JavaThread "Cancel handler" [_thread_blocked, id=30384, stack(0x0000000009710000,0x0000000009810000)]
  0x000000001e458000 JavaThread "Handler for socket connection from /127.0.0.1:3607 to /127.0.0.1:10565" [_thread_in_native, id=30516, stack(0x0000000009610000,0x0000000009710000)]
  0x000000001e457800 JavaThread "Daemon worker Thread 31" [_thread_blocked, id=29528, stack(0x0000000009810000,0x0000000009910000)]
  0x000000001e455000 JavaThread "Daemon Thread 31" [_thread_blocked, id=28244, stack(0x00000000091b0000,0x00000000092b0000)]
  0x0000000008b9b000 JavaThread "pool-2-thread-1" [_thread_blocked, id=10736, stack(0x00000000211e0000,0x00000000212e0000)]
  0x0000000008b40000 JavaThread "File lock request listener" [_thread_in_native, id=2276, stack(0x000000000b2e0000,0x000000000b3e0000)]
  0x00000000086fe800 JavaThread "Incoming local TCP Connector on port 3607" [_thread_in_native, id=3344, stack(0x00000000092b0000,0x00000000093b0000)]
  0x000000000727f800 JavaThread "Service Thread" daemon [_thread_blocked, id=5732, stack(0x00000000077e0000,0x00000000078e0000)]
  0x00000000071ef000 JavaThread "C1 CompilerThread2" daemon [_thread_blocked, id=12380, stack(0x00000000076e0000,0x00000000077e0000)]
  0x00000000071e0800 JavaThread "C2 CompilerThread1" daemon [_thread_blocked, id=13796, stack(0x00000000075e0000,0x00000000076e0000)]
  0x0000000005bed000 JavaThread "C2 CompilerThread0" daemon [_thread_blocked, id=14216, stack(0x00000000070e0000,0x00000000071e0000)]
  0x0000000005bea800 JavaThread "Attach Listener" daemon [_thread_blocked, id=4996, stack(0x0000000006fe0000,0x00000000070e0000)]
  0x0000000005b9f000 JavaThread "Signal Dispatcher" daemon [_thread_blocked, id=3620, stack(0x0000000006ee0000,0x0000000006fe0000)]
  0x00000000024b7000 JavaThread "Finalizer" daemon [_thread_blocked, id=4132, stack(0x0000000006de0000,0x0000000006ee0000)]
  0x00000000024ae000 JavaThread "Reference Handler" daemon [_thread_blocked, id=4144, stack(0x0000000006ce0000,0x0000000006de0000)]
  0x00000000023c2800 JavaThread "main" [_thread_blocked, id=8308, stack(0x00000000021e0000,0x00000000022e0000)]

Other Threads:
  0x0000000005b58000 VMThread [stack: 0x0000000006be0000,0x0000000006ce0000] [id=1632]
  0x00000000072b5000 WatcherThread [stack: 0x00000000078e0000,0x00000000079e0000] [id=4672]

VM state:not at safepoint (normal execution)

VM Mutex/Monitor currently owned by a thread: None

Heap:
 PSYoungGen      total 155136K, used 137254K [0x00000000eab00000, 0x00000000f6980000, 0x0000000100000000)
  eden space 128512K, 86% used [0x00000000eab00000,0x00000000f170c028,0x00000000f2880000)
  from space 26624K, 99% used [0x00000000f2880000,0x00000000f427dbd0,0x00000000f4280000)
  to   space 31744K, 0% used [0x00000000f4a80000,0x00000000f4a80000,0x00000000f6980000)
 ParOldGen       total 135680K, used 41702K [0x00000000c0000000, 0x00000000c8480000, 0x00000000eab00000)
  object space 135680K, 30% used [0x00000000c0000000,0x00000000c28b9860,0x00000000c8480000)
 Metaspace       used 65024K, capacity 70244K, committed 70400K, reserved 1110016K
  class space    used 8249K, capacity 8918K, committed 8960K, reserved 1048576K

Card table byte_map: [0x0000000002880000,0x0000000002a90000] byte_map_base: 0x0000000002280000

Marking Bits: (ParMarkBitMap*) 0x000000007307a5b0
 Begin Bits: [0x0000000002ff0000, 0x0000000003ff0000)
 End Bits:   [0x0000000003ff0000, 0x0000000004ff0000)

Polling page: 0x0000000000640000

CodeCache: size=245760Kb used=67150Kb max_used=67181Kb free=178609Kb
 bounds [0x000000000f010000, 0x0000000013240000, 0x000000001e010000]
 total_blobs=17445 nmethods=16710 adapters=645
 compilation: enabled

Compilation events (10 events):
Event: 20859.240 Thread 0x00000000071ef000 23246       3       com.google.common.io.Files::fileTreeTraverser (4 bytes)
Event: 20859.240 Thread 0x00000000071ef000 nmethod 23246 0x0000000010e12150 code [0x0000000010e122a0, 0x0000000010e123d0]
Event: 20860.185 Thread 0x00000000071ef000 23247       3       org.gradle.process.internal.DefaultJavaForkOptions::<init> (9 bytes)
Event: 20860.186 Thread 0x00000000071ef000 nmethod 23247 0x0000000010afbd10 code [0x0000000010afbec0, 0x0000000010afc3d8]
Event: 20860.186 Thread 0x00000000071ef000 23248       3       org.gradle.process.internal.DefaultJavaForkOptions::<init> (26 bytes)
Event: 20860.186 Thread 0x00000000071ef000 nmethod 23248 0x0000000011011410 code [0x00000000110115a0, 0x0000000011011a08]
Event: 20860.186 Thread 0x00000000071ef000 23249       3       org.gradle.process.internal.JvmOptions::<init> (127 bytes)
Event: 20860.188 Thread 0x00000000071ef000 nmethod 23249 0x0000000010ccad90 code [0x0000000010ccb000, 0x0000000010ccc158]
Event: 20864.638 Thread 0x0000000005bed000 23250       4       com.google.common.base.Joiner::join (11 bytes)
Event: 20864.647 Thread 0x0000000005bed000 nmethod 23250 0x00000000131f6c90 code [0x00000000131f6e20, 0x00000000131f7388]

GC Heap History (10 events):
Event: 20795.487 GC heap before
{Heap before GC invocations=154 (full 29):
 PSYoungGen      total 148480K, used 133391K [0x00000000eab00000, 0x00000000f5500000, 0x0000000100000000)
  eden space 124928K, 100% used [0x00000000eab00000,0x00000000f2500000,0x00000000f2500000)
  from space 23552K, 35% used [0x00000000f3e00000,0x00000000f4643dd0,0x00000000f5500000)
  to   space 24576K, 0% used [0x00000000f2500000,0x00000000f2500000,0x00000000f3d00000)
 ParOldGen       total 135680K, used 38835K [0x00000000c0000000, 0x00000000c8480000, 0x00000000eab00000)
  object space 135680K, 28% used [0x00000000c0000000,0x00000000c25ecdf8,0x00000000c8480000)
 Metaspace       used 64852K, capacity 70012K, committed 70144K, reserved 1110016K
  class space    used 8226K, capacity 8864K, committed 8960K, reserved 1048576K
Event: 20795.499 GC heap after
Heap after GC invocations=154 (full 29):
 PSYoungGen      total 149504K, used 18416K [0x00000000eab00000, 0x00000000f5b00000, 0x0000000100000000)
  eden space 124928K, 0% used [0x00000000eab00000,0x00000000eab00000,0x00000000f2500000)
  from space 24576K, 74% used [0x00000000f2500000,0x00000000f36fc0e0,0x00000000f3d00000)
  to   space 26112K, 0% used [0x00000000f4180000,0x00000000f4180000,0x00000000f5b00000)
 ParOldGen       total 135680K, used 38835K [0x00000000c0000000, 0x00000000c8480000, 0x00000000eab00000)
  object space 135680K, 28% used [0x00000000c0000000,0x00000000c25ecdf8,0x00000000c8480000)
 Metaspace       used 64852K, capacity 70012K, committed 70144K, reserved 1110016K
  class space    used 8226K, capacity 8864K, committed 8960K, reserved 1048576K
}
Event: 20811.922 GC heap before
{Heap before GC invocations=155 (full 29):
 PSYoungGen      total 149504K, used 143344K [0x00000000eab00000, 0x00000000f5b00000, 0x0000000100000000)
  eden space 124928K, 100% used [0x00000000eab00000,0x00000000f2500000,0x00000000f2500000)
  from space 24576K, 74% used [0x00000000f2500000,0x00000000f36fc0e0,0x00000000f3d00000)
  to   space 26112K, 0% used [0x00000000f4180000,0x00000000f4180000,0x00000000f5b00000)
 ParOldGen       total 135680K, used 38835K [0x00000000c0000000, 0x00000000c8480000, 0x00000000eab00000)
  object space 135680K, 28% used [0x00000000c0000000,0x00000000c25ecdf8,0x00000000c8480000)
 Metaspace       used 64902K, capacity 70124K, committed 70400K, reserved 1110016K
  class space    used 8237K, capacity 8876K, committed 8960K, reserved 1048576K
Event: 20811.936 GC heap after
Heap after GC invocations=155 (full 29):
 PSYoungGen      total 152576K, used 18796K [0x00000000eab00000, 0x00000000f5d80000, 0x0000000100000000)
  eden space 126464K, 0% used [0x00000000eab00000,0x00000000eab00000,0x00000000f2680000)
  from space 26112K, 71% used [0x00000000f4180000,0x00000000f53db028,0x00000000f5b00000)
  to   space 27648K, 0% used [0x00000000f2680000,0x00000000f2680000,0x00000000f4180000)
 ParOldGen       total 135680K, used 38835K [0x00000000c0000000, 0x00000000c8480000, 0x00000000eab00000)
  object space 135680K, 28% used [0x00000000c0000000,0x00000000c25ecdf8,0x00000000c8480000)
 Metaspace       used 64902K, capacity 70124K, committed 70400K, reserved 1110016K
  class space    used 8237K, capacity 8876K, committed 8960K, reserved 1048576K
}
Event: 20836.634 GC heap before
{Heap before GC invocations=156 (full 29):
 PSYoungGen      total 152576K, used 145260K [0x00000000eab00000, 0x00000000f5d80000, 0x0000000100000000)
  eden space 126464K, 100% used [0x00000000eab00000,0x00000000f2680000,0x00000000f2680000)
  from space 26112K, 71% used [0x00000000f4180000,0x00000000f53db028,0x00000000f5b00000)
  to   space 27648K, 0% used [0x00000000f2680000,0x00000000f2680000,0x00000000f4180000)
 ParOldGen       total 135680K, used 38835K [0x00000000c0000000, 0x00000000c8480000, 0x00000000eab00000)
  object space 135680K, 28% used [0x00000000c0000000,0x00000000c25ecdf8,0x00000000c8480000)
 Metaspace       used 64909K, capacity 70130K, committed 70400K, reserved 1110016K
  class space    used 8237K, capacity 8877K, committed 8960K, reserved 1048576K
Event: 20836.641 GC heap after
Heap after GC invocations=156 (full 29):
 PSYoungGen      total 154112K, used 9323K [0x00000000eab00000, 0x00000000f5c80000, 0x0000000100000000)
  eden space 126464K, 0% used [0x00000000eab00000,0x00000000eab00000,0x00000000f2680000)
  from space 27648K, 33% used [0x00000000f2680000,0x00000000f2f9ad80,0x00000000f4180000)
  to   space 26624K, 0% used [0x00000000f4280000,0x00000000f4280000,0x00000000f5c80000)
 ParOldGen       total 135680K, used 38835K [0x00000000c0000000, 0x00000000c8480000, 0x00000000eab00000)
  object space 135680K, 28% used [0x00000000c0000000,0x00000000c25ecdf8,0x00000000c8480000)
 Metaspace       used 64909K, capacity 70130K, committed 70400K, reserved 1110016K
  class space    used 8237K, capacity 8877K, committed 8960K, reserved 1048576K
}
Event: 20846.652 GC heap before
{Heap before GC invocations=157 (full 29):
 PSYoungGen      total 154112K, used 135787K [0x00000000eab00000, 0x00000000f5c80000, 0x0000000100000000)
  eden space 126464K, 100% used [0x00000000eab00000,0x00000000f2680000,0x00000000f2680000)
  from space 27648K, 33% used [0x00000000f2680000,0x00000000f2f9ad80,0x00000000f4180000)
  to   space 26624K, 0% used [0x00000000f4280000,0x00000000f4280000,0x00000000f5c80000)
 ParOldGen       total 135680K, used 38835K [0x00000000c0000000, 0x00000000c8480000, 0x00000000eab00000)
  object space 135680K, 28% used [0x00000000c0000000,0x00000000c25ecdf8,0x00000000c8480000)
 Metaspace       used 64935K, capacity 70130K, committed 70400K, reserved 1110016K
  class space    used 8237K, capacity 8877K, committed 8960K, reserved 1048576K
Event: 20846.669 GC heap after
Heap after GC invocations=157 (full 29):
 PSYoungGen      total 155136K, used 15580K [0x00000000eab00000, 0x00000000f5c80000, 0x0000000100000000)
  eden space 128512K, 0% used [0x00000000eab00000,0x00000000eab00000,0x00000000f2880000)
  from space 26624K, 58% used [0x00000000f4280000,0x00000000f51b7030,0x00000000f5c80000)
  to   space 26624K, 0% used [0x00000000f2880000,0x00000000f2880000,0x00000000f4280000)
 ParOldGen       total 135680K, used 38843K [0x00000000c0000000, 0x00000000c8480000, 0x00000000eab00000)
  object space 135680K, 28% used [0x00000000c0000000,0x00000000c25eedf8,0x00000000c8480000)
 Metaspace       used 64935K, capacity 70130K, committed 70400K, reserved 1110016K
  class space    used 8237K, capacity 8877K, committed 8960K, reserved 1048576K
}
Event: 20850.667 GC heap before
{Heap before GC invocations=158 (full 29):
 PSYoungGen      total 155136K, used 144092K [0x00000000eab00000, 0x00000000f5c80000, 0x0000000100000000)
  eden space 128512K, 100% used [0x00000000eab00000,0x00000000f2880000,0x00000000f2880000)
  from space 26624K, 58% used [0x00000000f4280000,0x00000000f51b7030,0x00000000f5c80000)
  to   space 26624K, 0% used [0x00000000f2880000,0x00000000f2880000,0x00000000f4280000)
 ParOldGen       total 135680K, used 38843K [0x00000000c0000000, 0x00000000c8480000, 0x00000000eab00000)
  object space 135680K, 28% used [0x00000000c0000000,0x00000000c25eedf8,0x00000000c8480000)
 Metaspace       used 65017K, capacity 70244K, committed 70400K, reserved 1110016K
  class space    used 8249K, capacity 8918K, committed 8960K, reserved 1048576K
Event: 20850.705 GC heap after
Heap after GC invocations=158 (full 29):
 PSYoungGen      total 155136K, used 26614K [0x00000000eab00000, 0x00000000f6980000, 0x0000000100000000)
  eden space 128512K, 0% used [0x00000000eab00000,0x00000000eab00000,0x00000000f2880000)
  from space 26624K, 99% used [0x00000000f2880000,0x00000000f427dbd0,0x00000000f4280000)
  to   space 31744K, 0% used [0x00000000f4a80000,0x00000000f4a80000,0x00000000f6980000)
 ParOldGen       total 135680K, used 41702K [0x00000000c0000000, 0x00000000c8480000, 0x00000000eab00000)
  object space 135680K, 30% used [0x00000000c0000000,0x00000000c28b9860,0x00000000c8480000)
 Metaspace       used 65017K, capacity 70244K, committed 70400K, reserved 1110016K
  class space    used 8249K, capacity 8918K, committed 8960K, reserved 1048576K
}

Deoptimization events (10 events):
Event: 20739.499 Thread 0x000000001e457800 Uncommon trap: reason=bimorphic action=maybe_recompile pc=0x000000001031ed1c method=org.gradle.logging.internal.AbstractStyledTextOutput.text(Ljava/lang/Object;)Lorg/gradle/logging/StyledTextOutput; @ 11
Event: 20739.734 Thread 0x000000001e455000 Uncommon trap: reason=unstable_if action=reinterpret pc=0x0000000012f501b8 method=java.io.ObjectOutputStream$BlockDataOutputStream.write([BIIZ)V @ 49
Event: 20739.737 Thread 0x000000001e455000 Uncommon trap: reason=bimorphic action=maybe_recompile pc=0x0000000012f6276c method=java.io.ObjectOutputStream.writeNonProxyDesc(Ljava/io/ObjectStreamClass;Z)V @ 44
Event: 20739.737 Thread 0x000000001e455000 Uncommon trap: reason=bimorphic action=maybe_recompile pc=0x0000000012f6276c method=java.io.ObjectOutputStream.writeNonProxyDesc(Ljava/io/ObjectStreamClass;Z)V @ 44
Event: 20739.737 Thread 0x000000001e455000 Uncommon trap: reason=bimorphic action=maybe_recompile pc=0x0000000012f6276c method=java.io.ObjectOutputStream.writeNonProxyDesc(Ljava/io/ObjectStreamClass;Z)V @ 44
Event: 20739.737 Thread 0x000000001e455000 Uncommon trap: reason=bimorphic action=maybe_recompile pc=0x0000000012f6276c method=java.io.ObjectOutputStream.writeNonProxyDesc(Ljava/io/ObjectStreamClass;Z)V @ 44
Event: 20739.737 Thread 0x000000001e455000 Uncommon trap: reason=unstable_if action=reinterpret pc=0x0000000011f604b0 method=java.io.ObjectOutputStream$BlockDataOutputStream.writeBytes(Ljava/lang/String;)V @ 22
Event: 20849.233 Thread 0x000000001e457800 Uncommon trap: reason=null_check action=make_not_entrant pc=0x00000000130da040 method=com.android.ide.common.xml.XmlPrettyPrinter.printOpenElementTag(ILorg/w3c/dom/Node;)V @ 207
Event: 20866.872 Thread 0x0000000008b9f800 Uncommon trap: reason=unstable_if action=reinterpret pc=0x0000000011e07288 method=org.gradle.internal.concurrent.CompositeStoppable.stop()V @ 105
Event: 20866.872 Thread 0x0000000008b9f800 Uncommon trap: reason=unstable_if action=reinterpret pc=0x0000000012880cf8 method=org.gradle.logging.internal.LogEvent.render(Lorg/gradle/logging/StyledTextOutput;)V @ 22

Internal exceptions (10 events):
Event: 20739.734 Thread 0x000000001e455000 Exception <a 'java/lang/NoSuchMethodError': <clinit>> (0x00000000ead83250) thrown at [C:\re\workspace\8-2-build-windows-amd64-cygwin\jdk8u66\5298\hotspot\src\share\vm\prims\jni.cpp, line 1591]
Event: 20739.734 Thread 0x000000001e455000 Exception <a 'java/lang/NoSuchMethodError': <clinit>> (0x00000000ead86920) thrown at [C:\re\workspace\8-2-build-windows-amd64-cygwin\jdk8u66\5298\hotspot\src\share\vm\prims\jni.cpp, line 1591]
Event: 20739.735 Thread 0x000000001e455000 Exception <a 'java/lang/NoSuchMethodError': <clinit>> (0x00000000eada2e80) thrown at [C:\re\workspace\8-2-build-windows-amd64-cygwin\jdk8u66\5298\hotspot\src\share\vm\prims\jni.cpp, line 1591]
Event: 20739.736 Thread 0x000000001e455000 Exception <a 'java/lang/NoSuchMethodError': <clinit>> (0x00000000eadb8a90) thrown at [C:\re\workspace\8-2-build-windows-amd64-cygwin\jdk8u66\5298\hotspot\src\share\vm\prims\jni.cpp, line 1591]
Event: 20755.556 Thread 0x000000001e457800 Exception <a 'java/lang/ClassNotFoundException': asLocalRepo179_1svu9ro18g0hjvmob83jptis5BeanInfo> (0x00000000eabb4708) thrown at [C:\re\workspace\8-2-build-windows-amd64-cygwin\jdk8u66\5298\hotspot\src\share\vm\classfile\systemDictionary.cpp, line 210]
Event: 20755.557 Thread 0x000000001e457800 Exception <a 'java/lang/ClassNotFoundException': asLocalRepo179_1svu9ro18g0hjvmob83jptis5Customizer> (0x00000000eabbdbc8) thrown at [C:\re\workspace\8-2-build-windows-amd64-cygwin\jdk8u66\5298\hotspot\src\share\vm\classfile\systemDictionary.cpp, line 210]
Event: 20811.725 Thread 0x000000001e457800 Exception <a 'java/lang/ClassNotFoundException': asLocalRepo180_7sbx198bvx439eqqetw9bhb4wBeanInfo> (0x00000000f000d770) thrown at [C:\re\workspace\8-2-build-windows-amd64-cygwin\jdk8u66\5298\hotspot\src\share\vm\classfile\systemDictionary.cpp, line 210]
Event: 20811.725 Thread 0x000000001e457800 Exception <a 'java/lang/ClassNotFoundException': asLocalRepo180_7sbx198bvx439eqqetw9bhb4wCustomizer> (0x00000000f0016c30) thrown at [C:\re\workspace\8-2-build-windows-amd64-cygwin\jdk8u66\5298\hotspot\src\share\vm\classfile\systemDictionary.cpp, line 210]
Event: 20866.871 Thread 0x0000000008b9f800 StackOverflowError at 0x000000000f9ea6e0
Event: 20866.872 Thread 0x0000000008b9f800 Exception <a 'java/lang/StackOverflowError'> (0x00000000f150ae08) thrown at [C:\re\workspace\8-2-build-windows-amd64-cygwin\jdk8u66\5298\hotspot\src\share\vm\runtime\sharedRuntime.cpp, line 605]

Events (10 events):
Event: 20864.707 Thread 0x000000000b7d6800 Thread added: 0x000000000b7d6800
Event: 20864.707 Thread 0x000000000b7da000 Thread added: 0x000000000b7da000
Event: 20864.707 Thread 0x000000000b7d7000 Thread added: 0x000000000b7d7000
Event: 20864.717 Thread 0x0000000008b9e000 Thread exited: 0x0000000008b9e000
Event: 20866.872 Thread 0x0000000008b9f800 Uncommon trap: trap_request=0xffffff65 fr.pc=0x0000000011e07288
Event: 20866.872 Thread 0x0000000008b9f800 DEOPT PACKING pc=0x0000000011e07288 sp=0x0000000021eaf040
Event: 20866.872 Thread 0x0000000008b9f800 DEOPT UNPACKING pc=0x000000000f05582a sp=0x0000000021eaf028 mode 2
Event: 20866.872 Thread 0x0000000008b9f800 Uncommon trap: trap_request=0xffffff65 fr.pc=0x0000000012880cf8
Event: 20866.872 Thread 0x0000000008b9f800 DEOPT PACKING pc=0x0000000012880cf8 sp=0x0000000021eaed10
Event: 20866.872 Thread 0x0000000008b9f800 DEOPT UNPACKING pc=0x000000000f05582a sp=0x0000000021eaec30 mode 2


Dynamic libraries:
0x000007f72e680000 - 0x000007f72e6b7000 	C:\Program Files\Java\jdk1.8.0_66\bin\java.exe
0x000007fe3cd80000 - 0x000007fe3cf3e000 	C:\Windows\SYSTEM32\ntdll.dll
0x000007fe3c780000 - 0x000007fe3c8b6000 	C:\Windows\system32\KERNEL32.DLL
0x000007fe39ff0000 - 0x000007fe3a0e3000 	C:\Windows\system32\KERNELBASE.dll
0x000007fe3a1f0000 - 0x000007fe3a2ce000 	C:\Windows\system32\ADVAPI32.dll
0x000007fe3a500000 - 0x000007fe3a64c000 	C:\Windows\system32\USER32.dll
0x000007fe379e0000 - 0x000007fe37c49000 	C:\Windows\WinSxS\amd64_microsoft.windows.common-controls_6595b64144ccf1df_6.0.9200.16384_none_418c2a697189c07f\COMCTL32.dll
0x000007fe3cb10000 - 0x000007fe3cbb5000 	C:\Windows\system32\msvcrt.dll
0x000007fe3c420000 - 0x000007fe3c468000 	C:\Windows\SYSTEM32\sechost.dll
0x000007fe3c020000 - 0x000007fe3c160000 	C:\Windows\system32\RPCRT4.dll
0x000007fe3c640000 - 0x000007fe3c780000 	C:\Windows\system32\GDI32.dll
0x000007fe3bfe0000 - 0x000007fe3c019000 	C:\Windows\system32\IMM32.DLL
0x000007fe3c160000 - 0x000007fe3c274000 	C:\Windows\system32\MSCTF.dll
0x000007fe39b80000 - 0x000007fe39bb2000 	C:\Windows\system32\nvinitx.dll
0x000007fe39b70000 - 0x000007fe39b79000 	C:\Windows\SYSTEM32\VERSION.dll
0x000000000f000000 - 0x000000000f006000 	C:\Program Files\NVIDIA Corporation\CoProcManager\_etoured.dll
0x000007fe377b0000 - 0x000007fe377e2000 	C:\Program Files\NVIDIA Corporation\CoProcManager\nvd3d9wrapx.dll
0x000007fe3c470000 - 0x000007fe3c640000 	C:\Windows\system32\SETUPAPI.dll
0x000007fe3a1a0000 - 0x000007fe3a1ef000 	C:\Windows\system32\CFGMGR32.dll
0x000007fe39de0000 - 0x000007fe39e02000 	C:\Windows\system32\DEVOBJ.dll
0x000007fe37780000 - 0x000007fe377a2000 	C:\Program Files\NVIDIA Corporation\CoProcManager\nvdxgiwrapx.dll
0x0000000072090000 - 0x0000000072162000 	C:\Program Files\Java\jdk1.8.0_66\jre\bin\msvcr100.dll
0x0000000072870000 - 0x00000000730f9000 	C:\Program Files\Java\jdk1.8.0_66\jre\bin\server\jvm.dll
0x000007fe34030000 - 0x000007fe34039000 	C:\Windows\SYSTEM32\WSOCK32.dll
0x000007fe377f0000 - 0x000007fe37810000 	C:\Windows\SYSTEM32\WINMM.dll
0x000007fe3c8d0000 - 0x000007fe3c8d7000 	C:\Windows\system32\PSAPI.DLL
0x000007fe3a4a0000 - 0x000007fe3a4f8000 	C:\Windows\system32\WS2_32.dll
0x000007fe372a0000 - 0x000007fe372d2000 	C:\Windows\SYSTEM32\WINMMBASE.dll
0x000007fe3aaa0000 - 0x000007fe3aaa9000 	C:\Windows\system32\NSI.dll
0x0000000072860000 - 0x000000007286f000 	C:\Program Files\Java\jdk1.8.0_66\jre\bin\verify.dll
0x0000000072830000 - 0x0000000072859000 	C:\Program Files\Java\jdk1.8.0_66\jre\bin\java.dll
0x0000000072810000 - 0x0000000072826000 	C:\Program Files\Java\jdk1.8.0_66\jre\bin\zip.dll
0x000007fe3acf0000 - 0x000007fe3bfd8000 	C:\Windows\system32\SHELL32.dll
0x000007fe3cbd0000 - 0x000007fe3cd80000 	C:\Windows\SYSTEM32\combase.dll
0x000007fe3a2d0000 - 0x000007fe3a320000 	C:\Windows\system32\SHLWAPI.dll
0x000007fe38e20000 - 0x000007fe38eb6000 	C:\Windows\SYSTEM32\SHCORE.dll
0x000007fe39cb0000 - 0x000007fe39cc5000 	C:\Windows\SYSTEM32\profapi.dll
0x00000000727f0000 - 0x000000007280a000 	C:\Program Files\Java\jdk1.8.0_66\jre\bin\net.dll
0x000007fe394b0000 - 0x000007fe3950c000 	C:\Windows\system32\mswsock.dll
0x00000000727d0000 - 0x00000000727e1000 	C:\Program Files\Java\jdk1.8.0_66\jre\bin\nio.dll
0x000007fe32160000 - 0x000007fe32172000 	G:\Android\gradle\.gradle\native\19\windows-amd64\native-platform.dll
0x000007fe33ff0000 - 0x000007fe3401a000 	C:\Windows\SYSTEM32\IPHLPAPI.DLL
0x000007fe33fd0000 - 0x000007fe33fda000 	C:\Windows\SYSTEM32\WINNSI.DLL
0x000007fe33b00000 - 0x000007fe33b13000 	C:\Windows\SYSTEM32\dhcpcsvc6.DLL
0x000007fe33b90000 - 0x000007fe33ba8000 	C:\Windows\SYSTEM32\dhcpcsvc.DLL
0x000007fe39510000 - 0x000007fe3952a000 	C:\Windows\SYSTEM32\CRYPTSP.dll
0x000007fe39190000 - 0x000007fe391d9000 	C:\Windows\system32\rsaenh.dll
0x000007fe39290000 - 0x000007fe392af000 	C:\Windows\SYSTEM32\USERENV.dll
0x000007fe39aa0000 - 0x000007fe39aaa000 	C:\Windows\SYSTEM32\CRYPTBASE.dll
0x000007fe39a40000 - 0x000007fe39a9c000 	C:\Windows\SYSTEM32\bcryptPrimitives.dll
0x00000000725d0000 - 0x00000000725dd000 	C:\Program Files\Java\jdk1.8.0_66\jre\bin\management.dll

VM Arguments:
jvm_args: -XX:MaxPermSize=256m -XX:+HeapDumpOnOutOfMemoryError -Xmx1024m -Dfile.encoding=GBK -Duser.country=CN -Duser.language=zh -Duser.variant 
java_command: org.gradle.launcher.daemon.bootstrap.GradleDaemon 2.10
java_class_path (initial): G:\Android\gradle\.gradle\wrapper\dists\gradle-2.10-all\a4w5fzrkeut1ox71xslb49gst\gradle-2.10\lib\gradle-launcher-2.10.jar
Launcher Type: SUN_STANDARD

Environment Variables:
JAVA_HOME=C:\Program Files\Java\jdk1.8.0_66
CLASSPATH=.;C:\Program Files\Java\jdk1.8.0_66\lib;C:\Program Files\Java\jdk1.8.0_66\lib\tools.jar
PATH=C:\ProgramData\Oracle\Java\javapath;E:\Installation_directory\adt-bundle-windows-x86_64_20140101\sdk\platform-tools;E:\Installation_directory\tomcat-7.0.63\bin;C:\Program Files\Java\jdk1.8.0_66\jre\bin;C:\Program Files\Java\jdk1.8.0_66\bin;C:\Program Files (x86)\NVIDIA Corporation\PhysX\Common;C:\Windows\system32;C:\Windows;C:\Windows\System32\Wbem;C:\Windows\System32\WindowsPowerShell\v1.0\;E:\Installation_directory\android-studio-2.0\android-studio\gradle\gradle-2.8\bin;E:\Installation_directory\TortoiseGit\bin
USERNAME=Administrator
OS=Windows_NT
PROCESSOR_IDENTIFIER=Intel64 Family 6 Model 58 Stepping 9, GenuineIntel



---------------  S Y S T E M  ---------------

OS: Windows 8 , 64 bit Build 9200 (6.2.9200.16384)

CPU:total 4 (2 cores per cpu, 2 threads per core) family 6 model 58 stepping 9, cmov, cx8, fxsr, mmx, sse, sse2, sse3, ssse3, sse4.1, sse4.2, popcnt, avx, aes, clmul, erms, ht, tsc, tscinvbit, tscinv

Memory: 4k page, physical 8271344k(2141996k free), swap 8271344k(4892k free)

vm_info: Java HotSpot(TM) 64-Bit Server VM (25.66-b18) for windows-amd64 JRE (1.8.0_66-b18), built on Nov  9 2015 10:51:13 by "java_re" with MS VC++ 10.0 (VS2010)

time: Tue Mar 01 16:12:35 2016
elapsed time: 20866 seconds (0d 5h 47m 46s)

